This is pdfTeX, Version 3.14159265-2.6-1.40.20 (MiKTeX 2.9.7000 64-bit) (preloaded format=pdflatex 2019.4.13)  15 SEP 2019 12:58
entering extended mode
**./pic2.tex
(pic2.tex
LaTeX2e <2018-12-01>

("C:\Users\User\AppData\Local\Programs\MiKTeX 2.9\tex/latex/standalone\standalo
ne.cls"
Document Class: standalone 2018/03/26 v1.3a Class to compile TeX sub-files stan
dalone
("C:\Users\User\AppData\Local\Programs\MiKTeX 2.9\tex/latex/tools\shellesc.sty"
Package: shellesc 2016/06/07 v0.02a unified shell escape interface for LaTeX
Package shellesc Info: Restricted shell escape enabled on input line 69.
)
("C:\Users\User\AppData\Local\Programs\MiKTeX 2.9\tex/generic/oberdiek\ifluatex
.sty"
Package: ifluatex 2016/05/16 v1.4 Provides the ifluatex switch (HO)
Package ifluatex Info: LuaTeX not detected.
)
("C:\Users\User\AppData\Local\Programs\MiKTeX 2.9\tex/generic/oberdiek\ifpdf.st
y"
Package: ifpdf 2018/09/07 v3.3 Provides the ifpdf switch
)
("C:\Users\User\AppData\Local\Programs\MiKTeX 2.9\tex/generic/ifxetex\ifxetex.s
ty"
Package: ifxetex 2010/09/12 v0.6 Provides ifxetex conditional
)
("C:\Users\User\AppData\Local\Programs\MiKTeX 2.9\tex/latex/xkeyval\xkeyval.sty
"
Package: xkeyval 2014/12/03 v2.7a package option processing (HA)

("C:\Users\User\AppData\Local\Programs\MiKTeX 2.9\tex/generic/xkeyval\xkeyval.t
ex"
("C:\Users\User\AppData\Local\Programs\MiKTeX 2.9\tex/generic/xkeyval\xkvutils.
tex"
\XKV@toks=\toks14
\XKV@tempa@toks=\toks15

("C:\Users\User\AppData\Local\Programs\MiKTeX 2.9\tex/generic/xkeyval\keyval.te
x"))
\XKV@depth=\count80
File: xkeyval.tex 2014/12/03 v2.7a key=value parser (HA)
))
\sa@internal=\count81
\c@sapage=\count82

("C:\Users\User\AppData\Local\Programs\MiKTeX 2.9\tex/latex/standalone\standalo
ne.cfg"
File: standalone.cfg 2018/03/26 v1.3a Default configuration file for 'standalon
e' class
)
("C:\Users\User\AppData\Local\Programs\MiKTeX 2.9\tex/latex/base\article.cls"
Document Class: article 2018/09/03 v1.4i Standard LaTeX document class
("C:\Users\User\AppData\Local\Programs\MiKTeX 2.9\tex/latex/base\size10.clo"
File: size10.clo 2018/09/03 v1.4i Standard LaTeX file (size option)
)
\c@part=\count83
\c@section=\count84
\c@subsection=\count85
\c@subsubsection=\count86
\c@paragraph=\count87
\c@subparagraph=\count88
\c@figure=\count89
\c@table=\count90
\abovecaptionskip=\skip41
\belowcaptionskip=\skip42
\bibindent=\dimen102
)
("C:\Users\User\AppData\Local\Programs\MiKTeX 2.9\tex/latex/pgf/frontendlayer\t
ikz.sty"
("C:\Users\User\AppData\Local\Programs\MiKTeX 2.9\tex/latex/pgf/basiclayer\pgf.
sty"
("C:\Users\User\AppData\Local\Programs\MiKTeX 2.9\tex/latex/pgf/utilities\pgfrc
s.sty"
("C:\Users\User\AppData\Local\Programs\MiKTeX 2.9\tex/generic/pgf/utilities\pgf
util-common.tex"
\pgfutil@everybye=\toks16
\pgfutil@tempdima=\dimen103
\pgfutil@tempdimb=\dimen104

("C:\Users\User\AppData\Local\Programs\MiKTeX 2.9\tex/generic/pgf/utilities\pgf
util-common-lists.tex"))
("C:\Users\User\AppData\Local\Programs\MiKTeX 2.9\tex/generic/pgf/utilities\pgf
util-latex.def"
\pgfutil@abb=\box27

("C:\Users\User\AppData\Local\Programs\MiKTeX 2.9\tex/latex/ms\everyshi.sty"
Package: everyshi 2001/05/15 v3.00 EveryShipout Package (MS)
))
("C:\Users\User\AppData\Local\Programs\MiKTeX 2.9\tex/generic/pgf/utilities\pgf
rcs.code.tex"
("C:\Users\User\AppData\Local\Programs\MiKTeX 2.9\tex/generic/pgf\pgf.revision.
tex")
Package: pgfrcs 2019/04/04 v3.1.2 (3.1.2)
))
Package: pgf 2019/04/04 v3.1.2 (3.1.2)

("C:\Users\User\AppData\Local\Programs\MiKTeX 2.9\tex/latex/pgf/basiclayer\pgfc
ore.sty"
("C:\Users\User\AppData\Local\Programs\MiKTeX 2.9\tex/latex/graphics\graphicx.s
ty"
Package: graphicx 2017/06/01 v1.1a Enhanced LaTeX Graphics (DPC,SPQR)

("C:\Users\User\AppData\Local\Programs\MiKTeX 2.9\tex/latex/graphics\graphics.s
ty"
Package: graphics 2017/06/25 v1.2c Standard LaTeX Graphics (DPC,SPQR)

("C:\Users\User\AppData\Local\Programs\MiKTeX 2.9\tex/latex/graphics\trig.sty"
Package: trig 2016/01/03 v1.10 sin cos tan (DPC)
)
("C:\Users\User\AppData\Local\Programs\MiKTeX 2.9\tex/latex/graphics-cfg\graphi
cs.cfg"
File: graphics.cfg 2016/06/04 v1.11 sample graphics configuration
)
Package graphics Info: Driver file: pdftex.def on input line 99.

("C:\Users\User\AppData\Local\Programs\MiKTeX 2.9\tex/latex/graphics-def\pdftex
.def"
File: pdftex.def 2018/01/08 v1.0l Graphics/color driver for pdftex
))
\Gin@req@height=\dimen105
\Gin@req@width=\dimen106
)
("C:\Users\User\AppData\Local\Programs\MiKTeX 2.9\tex/latex/pgf/systemlayer\pgf
sys.sty"
("C:\Users\User\AppData\Local\Programs\MiKTeX 2.9\tex/generic/pgf/systemlayer\p
gfsys.code.tex"
Package: pgfsys 2019/04/04 v3.1.2 (3.1.2)

("C:\Users\User\AppData\Local\Programs\MiKTeX 2.9\tex/generic/pgf/utilities\pgf
keys.code.tex"
\pgfkeys@pathtoks=\toks17
\pgfkeys@temptoks=\toks18

("C:\Users\User\AppData\Local\Programs\MiKTeX 2.9\tex/generic/pgf/utilities\pgf
keysfiltered.code.tex"
\pgfkeys@tmptoks=\toks19
))
\pgf@x=\dimen107
\pgf@y=\dimen108
\pgf@xa=\dimen109
\pgf@ya=\dimen110
\pgf@xb=\dimen111
\pgf@yb=\dimen112
\pgf@xc=\dimen113
\pgf@yc=\dimen114
\w@pgf@writea=\write3
\r@pgf@reada=\read1
\c@pgf@counta=\count91
\c@pgf@countb=\count92
\c@pgf@countc=\count93
\c@pgf@countd=\count94
\t@pgf@toka=\toks20
\t@pgf@tokb=\toks21
\t@pgf@tokc=\toks22
\pgf@sys@id@count=\count95

("C:\Users\User\AppData\Local\Programs\MiKTeX 2.9\tex/generic/pgf/systemlayer\p
gf.cfg"
File: pgf.cfg 2019/04/04 v3.1.2 (3.1.2)
)
Driver file for pgf: pgfsys-pdftex.def

("C:\Users\User\AppData\Local\Programs\MiKTeX 2.9\tex/generic/pgf/systemlayer\p
gfsys-pdftex.def"
File: pgfsys-pdftex.def 2019/04/04 v3.1.2 (3.1.2)

("C:\Users\User\AppData\Local\Programs\MiKTeX 2.9\tex/generic/pgf/systemlayer\p
gfsys-common-pdf.def"
File: pgfsys-common-pdf.def 2019/04/04 v3.1.2 (3.1.2)
)))
("C:\Users\User\AppData\Local\Programs\MiKTeX 2.9\tex/generic/pgf/systemlayer\p
gfsyssoftpath.code.tex"
File: pgfsyssoftpath.code.tex 2019/04/04 v3.1.2 (3.1.2)
\pgfsyssoftpath@smallbuffer@items=\count96
\pgfsyssoftpath@bigbuffer@items=\count97
)
("C:\Users\User\AppData\Local\Programs\MiKTeX 2.9\tex/generic/pgf/systemlayer\p
gfsysprotocol.code.tex"
File: pgfsysprotocol.code.tex 2019/04/04 v3.1.2 (3.1.2)
))
("C:\Users\User\AppData\Local\Programs\MiKTeX 2.9\tex/latex/xcolor\xcolor.sty"
Package: xcolor 2016/05/11 v2.12 LaTeX color extensions (UK)

("C:\Users\User\AppData\Local\Programs\MiKTeX 2.9\tex/latex/graphics-cfg\color.
cfg"
File: color.cfg 2016/01/02 v1.6 sample color configuration
)
Package xcolor Info: Driver file: pdftex.def on input line 225.
Package xcolor Info: Model `cmy' substituted by `cmy0' on input line 1348.
Package xcolor Info: Model `hsb' substituted by `rgb' on input line 1352.
Package xcolor Info: Model `RGB' extended on input line 1364.
Package xcolor Info: Model `HTML' substituted by `rgb' on input line 1366.
Package xcolor Info: Model `Hsb' substituted by `hsb' on input line 1367.
Package xcolor Info: Model `tHsb' substituted by `hsb' on input line 1368.
Package xcolor Info: Model `HSB' substituted by `hsb' on input line 1369.
Package xcolor Info: Model `Gray' substituted by `gray' on input line 1370.
Package xcolor Info: Model `wave' substituted by `hsb' on input line 1371.
)
("C:\Users\User\AppData\Local\Programs\MiKTeX 2.9\tex/generic/pgf/basiclayer\pg
fcore.code.tex"
Package: pgfcore 2019/04/04 v3.1.2 (3.1.2)

("C:\Users\User\AppData\Local\Programs\MiKTeX 2.9\tex/generic/pgf/math\pgfmath.
code.tex"
("C:\Users\User\AppData\Local\Programs\MiKTeX 2.9\tex/generic/pgf/math\pgfmathc
alc.code.tex"
("C:\Users\User\AppData\Local\Programs\MiKTeX 2.9\tex/generic/pgf/math\pgfmathu
til.code.tex")
("C:\Users\User\AppData\Local\Programs\MiKTeX 2.9\tex/generic/pgf/math\pgfmathp
arser.code.tex"
\pgfmath@dimen=\dimen115
\pgfmath@count=\count98
\pgfmath@box=\box28
\pgfmath@toks=\toks23
\pgfmath@stack@operand=\toks24
\pgfmath@stack@operation=\toks25
)
("C:\Users\User\AppData\Local\Programs\MiKTeX 2.9\tex/generic/pgf/math\pgfmathf
unctions.code.tex"
("C:\Users\User\AppData\Local\Programs\MiKTeX 2.9\tex/generic/pgf/math\pgfmathf
unctions.basic.code.tex")
("C:\Users\User\AppData\Local\Programs\MiKTeX 2.9\tex/generic/pgf/math\pgfmathf
unctions.trigonometric.code.tex")
("C:\Users\User\AppData\Local\Programs\MiKTeX 2.9\tex/generic/pgf/math\pgfmathf
unctions.random.code.tex")
("C:\Users\User\AppData\Local\Programs\MiKTeX 2.9\tex/generic/pgf/math\pgfmathf
unctions.comparison.code.tex")
("C:\Users\User\AppData\Local\Programs\MiKTeX 2.9\tex/generic/pgf/math\pgfmathf
unctions.base.code.tex")
("C:\Users\User\AppData\Local\Programs\MiKTeX 2.9\tex/generic/pgf/math\pgfmathf
unctions.round.code.tex")
("C:\Users\User\AppData\Local\Programs\MiKTeX 2.9\tex/generic/pgf/math\pgfmathf
unctions.misc.code.tex")
("C:\Users\User\AppData\Local\Programs\MiKTeX 2.9\tex/generic/pgf/math\pgfmathf
unctions.integerarithmetics.code.tex")))
("C:\Users\User\AppData\Local\Programs\MiKTeX 2.9\tex/generic/pgf/math\pgfmathf
loat.code.tex"
\c@pgfmathroundto@lastzeros=\count99
))
("C:\Users\User\AppData\Local\Programs\MiKTeX 2.9\tex/generic/pgf/basiclayer\pg
fcorepoints.code.tex"
File: pgfcorepoints.code.tex 2019/04/04 v3.1.2 (3.1.2)
\pgf@picminx=\dimen116
\pgf@picmaxx=\dimen117
\pgf@picminy=\dimen118
\pgf@picmaxy=\dimen119
\pgf@pathminx=\dimen120
\pgf@pathmaxx=\dimen121
\pgf@pathminy=\dimen122
\pgf@pathmaxy=\dimen123
\pgf@xx=\dimen124
\pgf@xy=\dimen125
\pgf@yx=\dimen126
\pgf@yy=\dimen127
\pgf@zx=\dimen128
\pgf@zy=\dimen129
)
("C:\Users\User\AppData\Local\Programs\MiKTeX 2.9\tex/generic/pgf/basiclayer\pg
fcorepathconstruct.code.tex"
File: pgfcorepathconstruct.code.tex 2019/04/04 v3.1.2 (3.1.2)
\pgf@path@lastx=\dimen130
\pgf@path@lasty=\dimen131
)
("C:\Users\User\AppData\Local\Programs\MiKTeX 2.9\tex/generic/pgf/basiclayer\pg
fcorepathusage.code.tex"
File: pgfcorepathusage.code.tex 2019/04/04 v3.1.2 (3.1.2)
\pgf@shorten@end@additional=\dimen132
\pgf@shorten@start@additional=\dimen133
)
("C:\Users\User\AppData\Local\Programs\MiKTeX 2.9\tex/generic/pgf/basiclayer\pg
fcorescopes.code.tex"
File: pgfcorescopes.code.tex 2019/04/04 v3.1.2 (3.1.2)
\pgfpic=\box29
\pgf@hbox=\box30
\pgf@layerbox@main=\box31
\pgf@picture@serial@count=\count100
)
("C:\Users\User\AppData\Local\Programs\MiKTeX 2.9\tex/generic/pgf/basiclayer\pg
fcoregraphicstate.code.tex"
File: pgfcoregraphicstate.code.tex 2019/04/04 v3.1.2 (3.1.2)
\pgflinewidth=\dimen134
)
("C:\Users\User\AppData\Local\Programs\MiKTeX 2.9\tex/generic/pgf/basiclayer\pg
fcoretransformations.code.tex"
File: pgfcoretransformations.code.tex 2019/04/04 v3.1.2 (3.1.2)
\pgf@pt@x=\dimen135
\pgf@pt@y=\dimen136
\pgf@pt@temp=\dimen137
)
("C:\Users\User\AppData\Local\Programs\MiKTeX 2.9\tex/generic/pgf/basiclayer\pg
fcorequick.code.tex"
File: pgfcorequick.code.tex 2019/04/04 v3.1.2 (3.1.2)
)
("C:\Users\User\AppData\Local\Programs\MiKTeX 2.9\tex/generic/pgf/basiclayer\pg
fcoreobjects.code.tex"
File: pgfcoreobjects.code.tex 2019/04/04 v3.1.2 (3.1.2)
)
("C:\Users\User\AppData\Local\Programs\MiKTeX 2.9\tex/generic/pgf/basiclayer\pg
fcorepathprocessing.code.tex"
File: pgfcorepathprocessing.code.tex 2019/04/04 v3.1.2 (3.1.2)
)
("C:\Users\User\AppData\Local\Programs\MiKTeX 2.9\tex/generic/pgf/basiclayer\pg
fcorearrows.code.tex"
File: pgfcorearrows.code.tex 2019/04/04 v3.1.2 (3.1.2)
\pgfarrowsep=\dimen138
)
("C:\Users\User\AppData\Local\Programs\MiKTeX 2.9\tex/generic/pgf/basiclayer\pg
fcoreshade.code.tex"
File: pgfcoreshade.code.tex 2019/04/04 v3.1.2 (3.1.2)
\pgf@max=\dimen139
\pgf@sys@shading@range@num=\count101
\pgf@shadingcount=\count102
)
("C:\Users\User\AppData\Local\Programs\MiKTeX 2.9\tex/generic/pgf/basiclayer\pg
fcoreimage.code.tex"
File: pgfcoreimage.code.tex 2019/04/04 v3.1.2 (3.1.2)

("C:\Users\User\AppData\Local\Programs\MiKTeX 2.9\tex/generic/pgf/basiclayer\pg
fcoreexternal.code.tex"
File: pgfcoreexternal.code.tex 2019/04/04 v3.1.2 (3.1.2)
\pgfexternal@startupbox=\box32
))
("C:\Users\User\AppData\Local\Programs\MiKTeX 2.9\tex/generic/pgf/basiclayer\pg
fcorelayers.code.tex"
File: pgfcorelayers.code.tex 2019/04/04 v3.1.2 (3.1.2)
)
("C:\Users\User\AppData\Local\Programs\MiKTeX 2.9\tex/generic/pgf/basiclayer\pg
fcoretransparency.code.tex"
File: pgfcoretransparency.code.tex 2019/04/04 v3.1.2 (3.1.2)
)
("C:\Users\User\AppData\Local\Programs\MiKTeX 2.9\tex/generic/pgf/basiclayer\pg
fcorepatterns.code.tex"
File: pgfcorepatterns.code.tex 2019/04/04 v3.1.2 (3.1.2)
)
("C:\Users\User\AppData\Local\Programs\MiKTeX 2.9\tex/generic/pgf/basiclayer\pg
fcorerdf.code.tex"
File: pgfcorerdf.code.tex 2019/04/04 v3.1.2 (3.1.2)
)))
("C:\Users\User\AppData\Local\Programs\MiKTeX 2.9\tex/generic/pgf/modules\pgfmo
duleshapes.code.tex"
File: pgfmoduleshapes.code.tex 2019/04/04 v3.1.2 (3.1.2)
\pgfnodeparttextbox=\box33
)
("C:\Users\User\AppData\Local\Programs\MiKTeX 2.9\tex/generic/pgf/modules\pgfmo
duleplot.code.tex"
File: pgfmoduleplot.code.tex 2019/04/04 v3.1.2 (3.1.2)
)
("C:\Users\User\AppData\Local\Programs\MiKTeX 2.9\tex/latex/pgf/compatibility\p
gfcomp-version-0-65.sty"
Package: pgfcomp-version-0-65 2019/04/04 v3.1.2 (3.1.2)
\pgf@nodesepstart=\dimen140
\pgf@nodesepend=\dimen141
)
("C:\Users\User\AppData\Local\Programs\MiKTeX 2.9\tex/latex/pgf/compatibility\p
gfcomp-version-1-18.sty"
Package: pgfcomp-version-1-18 2019/04/04 v3.1.2 (3.1.2)
))
("C:\Users\User\AppData\Local\Programs\MiKTeX 2.9\tex/latex/pgf/utilities\pgffo
r.sty"
("C:\Users\User\AppData\Local\Programs\MiKTeX 2.9\tex/latex/pgf/utilities\pgfke
ys.sty"
("C:\Users\User\AppData\Local\Programs\MiKTeX 2.9\tex/generic/pgf/utilities\pgf
keys.code.tex"))
("C:\Users\User\AppData\Local\Programs\MiKTeX 2.9\tex/latex/pgf/math\pgfmath.st
y"
("C:\Users\User\AppData\Local\Programs\MiKTeX 2.9\tex/generic/pgf/math\pgfmath.
code.tex"))
("C:\Users\User\AppData\Local\Programs\MiKTeX 2.9\tex/generic/pgf/utilities\pgf
for.code.tex"
Package: pgffor 2019/04/04 v3.1.2 (3.1.2)

("C:\Users\User\AppData\Local\Programs\MiKTeX 2.9\tex/generic/pgf/math\pgfmath.
code.tex")
\pgffor@iter=\dimen142
\pgffor@skip=\dimen143
\pgffor@stack=\toks26
\pgffor@toks=\toks27
))
("C:\Users\User\AppData\Local\Programs\MiKTeX 2.9\tex/generic/pgf/frontendlayer
/tikz\tikz.code.tex"
Package: tikz 2019/04/04 v3.1.2 (3.1.2)

("C:\Users\User\AppData\Local\Programs\MiKTeX 2.9\tex/generic/pgf/libraries\pgf
libraryplothandlers.code.tex"
File: pgflibraryplothandlers.code.tex 2019/04/04 v3.1.2 (3.1.2)
\pgf@plot@mark@count=\count103
\pgfplotmarksize=\dimen144
)
\tikz@lastx=\dimen145
\tikz@lasty=\dimen146
\tikz@lastxsaved=\dimen147
\tikz@lastysaved=\dimen148
\tikzleveldistance=\dimen149
\tikzsiblingdistance=\dimen150
\tikz@figbox=\box34
\tikz@figbox@bg=\box35
\tikz@tempbox=\box36
\tikz@tempbox@bg=\box37
\tikztreelevel=\count104
\tikznumberofchildren=\count105
\tikznumberofcurrentchild=\count106
\tikz@fig@count=\count107

("C:\Users\User\AppData\Local\Programs\MiKTeX 2.9\tex/generic/pgf/modules\pgfmo
dulematrix.code.tex"
File: pgfmodulematrix.code.tex 2019/04/04 v3.1.2 (3.1.2)
\pgfmatrixcurrentrow=\count108
\pgfmatrixcurrentcolumn=\count109
\pgf@matrix@numberofcolumns=\count110
)
\tikz@expandcount=\count111

("C:\Users\User\AppData\Local\Programs\MiKTeX 2.9\tex/generic/pgf/frontendlayer
/tikz/libraries\tikzlibrarytopaths.code.tex"
File: tikzlibrarytopaths.code.tex 2019/04/04 v3.1.2 (3.1.2)
)))
\sa@box=\box38
)
("C:\Users\User\AppData\Local\Programs\MiKTeX 2.9\tex/generic/babel\babel.sty"
Package: babel 2019/04/03 3.29 The Babel package

("C:\Users\User\AppData\Local\Programs\MiKTeX 2.9\tex/generic/babel\switch.def"
File: switch.def 2019/04/03 3.29 Babel switching mechanism
)
*************************************
* Local config file bblopts.cfg used
*
("C:\Users\User\AppData\Local\Programs\MiKTeX 2.9\tex/latex/arabi\bblopts.cfg"
File: bblopts.cfg 2005/09/08 v0.1 add Arabic and Farsi to "declared" options of
 babel
)
("C:\Users\User\AppData\Local\Programs\MiKTeX 2.9\tex/latex/babel-english\engli
sh.ldf"
Language: english 2017/06/06 v3.3r English support from the babel system

("C:\Users\User\AppData\Local\Programs\MiKTeX 2.9\tex/generic/babel\babel.def"
File: babel.def 2019/04/03 3.29 Babel common definitions
\babel@savecnt=\count112
\U@D=\dimen151

("C:\Users\User\AppData\Local\Programs\MiKTeX 2.9\tex/generic/babel\txtbabel.de
f")
\bbl@dirlevel=\count113
)
\l@canadian = a dialect from \language\l@american 
\l@australian = a dialect from \language\l@british 
\l@newzealand = a dialect from \language\l@british 
)
("C:\Users\User\AppData\Local\Programs\MiKTeX 2.9\tex/latex/babel-russian\russi
anb.ldf"
Language: russian 2017/08/12 1.3j Russian support for the Babel system


Package babel Warning: No Cyrillic font encoding has been loaded so far.
(babel)                A font encoding should be declared before babel.
(babel)                Default `T2A' encoding will be loaded  on input line 74.


("C:\Users\User\AppData\Local\Programs\MiKTeX 2.9\tex/latex/cyrillic\t2aenc.def
"
File: t2aenc.def 2005/09/27 v1.0i Cyrillic encoding definition file
Now handling font encoding T2A ...
... processing UTF-8 mapping file for font encoding T2A
 ("C:\Users\User\AppData\Local\Programs\MiKTeX 2.9\tex/latex/base\t2aenc.dfu"
File: t2aenc.dfu 2018/10/05 v1.2f UTF-8 support for inputenc
   defining Unicode char U+00A4 (decimal 164)
   defining Unicode char U+00A7 (decimal 167)
   defining Unicode char U+00AB (decimal 171)
   defining Unicode char U+00BB (decimal 187)
   defining Unicode char U+0131 (decimal 305)
   defining Unicode char U+0237 (decimal 567)
   defining Unicode char U+0400 (decimal 1024)
   defining Unicode char U+0401 (decimal 1025)
   defining Unicode char U+0402 (decimal 1026)
   defining Unicode char U+0403 (decimal 1027)
   defining Unicode char U+0404 (decimal 1028)
   defining Unicode char U+0405 (decimal 1029)
   defining Unicode char U+0406 (decimal 1030)
   defining Unicode char U+0407 (decimal 1031)
   defining Unicode char U+0408 (decimal 1032)
   defining Unicode char U+0409 (decimal 1033)
   defining Unicode char U+040A (decimal 1034)
   defining Unicode char U+040B (decimal 1035)
   defining Unicode char U+040C (decimal 1036)
   defining Unicode char U+040D (decimal 1037)
   defining Unicode char U+040E (decimal 1038)
   defining Unicode char U+040F (decimal 1039)
   defining Unicode char U+0410 (decimal 1040)
   defining Unicode char U+0411 (decimal 1041)
   defining Unicode char U+0412 (decimal 1042)
   defining Unicode char U+0413 (decimal 1043)
   defining Unicode char U+0414 (decimal 1044)
   defining Unicode char U+0415 (decimal 1045)
   defining Unicode char U+0416 (decimal 1046)
   defining Unicode char U+0417 (decimal 1047)
   defining Unicode char U+0418 (decimal 1048)
   defining Unicode char U+0419 (decimal 1049)
   defining Unicode char U+041A (decimal 1050)
   defining Unicode char U+041B (decimal 1051)
   defining Unicode char U+041C (decimal 1052)
   defining Unicode char U+041D (decimal 1053)
   defining Unicode char U+041E (decimal 1054)
   defining Unicode char U+041F (decimal 1055)
   defining Unicode char U+0420 (decimal 1056)
   defining Unicode char U+0421 (decimal 1057)
   defining Unicode char U+0422 (decimal 1058)
   defining Unicode char U+0423 (decimal 1059)
   defining Unicode char U+0424 (decimal 1060)
   defining Unicode char U+0425 (decimal 1061)
   defining Unicode char U+0426 (decimal 1062)
   defining Unicode char U+0427 (decimal 1063)
   defining Unicode char U+0428 (decimal 1064)
   defining Unicode char U+0429 (decimal 1065)
   defining Unicode char U+042A (decimal 1066)
   defining Unicode char U+042B (decimal 1067)
   defining Unicode char U+042C (decimal 1068)
   defining Unicode char U+042D (decimal 1069)
   defining Unicode char U+042E (decimal 1070)
   defining Unicode char U+042F (decimal 1071)
   defining Unicode char U+0430 (decimal 1072)
   defining Unicode char U+0431 (decimal 1073)
   defining Unicode char U+0432 (decimal 1074)
   defining Unicode char U+0433 (decimal 1075)
   defining Unicode char U+0434 (decimal 1076)
   defining Unicode char U+0435 (decimal 1077)
   defining Unicode char U+0436 (decimal 1078)
   defining Unicode char U+0437 (decimal 1079)
   defining Unicode char U+0438 (decimal 1080)
   defining Unicode char U+0439 (decimal 1081)
   defining Unicode char U+043A (decimal 1082)
   defining Unicode char U+043B (decimal 1083)
   defining Unicode char U+043C (decimal 1084)
   defining Unicode char U+043D (decimal 1085)
   defining Unicode char U+043E (decimal 1086)
   defining Unicode char U+043F (decimal 1087)
   defining Unicode char U+0440 (decimal 1088)
   defining Unicode char U+0441 (decimal 1089)
   defining Unicode char U+0442 (decimal 1090)
   defining Unicode char U+0443 (decimal 1091)
   defining Unicode char U+0444 (decimal 1092)
   defining Unicode char U+0445 (decimal 1093)
   defining Unicode char U+0446 (decimal 1094)
   defining Unicode char U+0447 (decimal 1095)
   defining Unicode char U+0448 (decimal 1096)
   defining Unicode char U+0449 (decimal 1097)
   defining Unicode char U+044A (decimal 1098)
   defining Unicode char U+044B (decimal 1099)
   defining Unicode char U+044C (decimal 1100)
   defining Unicode char U+044D (decimal 1101)
   defining Unicode char U+044E (decimal 1102)
   defining Unicode char U+044F (decimal 1103)
   defining Unicode char U+0450 (decimal 1104)
   defining Unicode char U+0451 (decimal 1105)
   defining Unicode char U+0452 (decimal 1106)
   defining Unicode char U+0453 (decimal 1107)
   defining Unicode char U+0454 (decimal 1108)
   defining Unicode char U+0455 (decimal 1109)
   defining Unicode char U+0456 (decimal 1110)
   defining Unicode char U+0457 (decimal 1111)
   defining Unicode char U+0458 (decimal 1112)
   defining Unicode char U+0459 (decimal 1113)
   defining Unicode char U+045A (decimal 1114)
   defining Unicode char U+045B (decimal 1115)
   defining Unicode char U+045C (decimal 1116)
   defining Unicode char U+045D (decimal 1117)
   defining Unicode char U+045E (decimal 1118)
   defining Unicode char U+045F (decimal 1119)
   defining Unicode char U+0490 (decimal 1168)
   defining Unicode char U+0491 (decimal 1169)
   defining Unicode char U+0492 (decimal 1170)
   defining Unicode char U+0493 (decimal 1171)
   defining Unicode char U+0496 (decimal 1174)
   defining Unicode char U+0497 (decimal 1175)
   defining Unicode char U+0498 (decimal 1176)
   defining Unicode char U+0499 (decimal 1177)
   defining Unicode char U+049A (decimal 1178)
   defining Unicode char U+049B (decimal 1179)
   defining Unicode char U+049C (decimal 1180)
   defining Unicode char U+049D (decimal 1181)
   defining Unicode char U+04A0 (decimal 1184)
   defining Unicode char U+04A1 (decimal 1185)
   defining Unicode char U+04A2 (decimal 1186)
   defining Unicode char U+04A3 (decimal 1187)
   defining Unicode char U+04A4 (decimal 1188)
   defining Unicode char U+04A5 (decimal 1189)
   defining Unicode char U+04AA (decimal 1194)
   defining Unicode char U+04AB (decimal 1195)
   defining Unicode char U+04AE (decimal 1198)
   defining Unicode char U+04AF (decimal 1199)
   defining Unicode char U+04B0 (decimal 1200)
   defining Unicode char U+04B1 (decimal 1201)
   defining Unicode char U+04B2 (decimal 1202)
   defining Unicode char U+04B3 (decimal 1203)
   defining Unicode char U+04B6 (decimal 1206)
   defining Unicode char U+04B7 (decimal 1207)
   defining Unicode char U+04B8 (decimal 1208)
   defining Unicode char U+04B9 (decimal 1209)
   defining Unicode char U+04BA (decimal 1210)
   defining Unicode char U+04BB (decimal 1211)
   defining Unicode char U+04C0 (decimal 1216)
   defining Unicode char U+04C1 (decimal 1217)
   defining Unicode char U+04C2 (decimal 1218)
   defining Unicode char U+04D0 (decimal 1232)
   defining Unicode char U+04D1 (decimal 1233)
   defining Unicode char U+04D2 (decimal 1234)
   defining Unicode char U+04D3 (decimal 1235)
   defining Unicode char U+04D4 (decimal 1236)
   defining Unicode char U+04D5 (decimal 1237)
   defining Unicode char U+04D6 (decimal 1238)
   defining Unicode char U+04D7 (decimal 1239)
   defining Unicode char U+04D8 (decimal 1240)
   defining Unicode char U+04D9 (decimal 1241)
   defining Unicode char U+04DA (decimal 1242)
   defining Unicode char U+04DB (decimal 1243)
   defining Unicode char U+04DC (decimal 1244)
   defining Unicode char U+04DD (decimal 1245)
   defining Unicode char U+04DE (decimal 1246)
   defining Unicode char U+04DF (decimal 1247)
   defining Unicode char U+04E2 (decimal 1250)
   defining Unicode char U+04E3 (decimal 1251)
   defining Unicode char U+04E4 (decimal 1252)
   defining Unicode char U+04E5 (decimal 1253)
   defining Unicode char U+04E6 (decimal 1254)
   defining Unicode char U+04E7 (decimal 1255)
   defining Unicode char U+04E8 (decimal 1256)
   defining Unicode char U+04E9 (decimal 1257)
   defining Unicode char U+04EC (decimal 1260)
   defining Unicode char U+04ED (decimal 1261)
   defining Unicode char U+04EE (decimal 1262)
   defining Unicode char U+04EF (decimal 1263)
   defining Unicode char U+04F0 (decimal 1264)
   defining Unicode char U+04F1 (decimal 1265)
   defining Unicode char U+04F2 (decimal 1266)
   defining Unicode char U+04F3 (decimal 1267)
   defining Unicode char U+04F4 (decimal 1268)
   defining Unicode char U+04F5 (decimal 1269)
   defining Unicode char U+04F8 (decimal 1272)
   defining Unicode char U+04F9 (decimal 1273)
   defining Unicode char U+200C (decimal 8204)
   defining Unicode char U+2013 (decimal 8211)
   defining Unicode char U+2014 (decimal 8212)
   defining Unicode char U+2018 (decimal 8216)
   defining Unicode char U+2019 (decimal 8217)
   defining Unicode char U+201C (decimal 8220)
   defining Unicode char U+201D (decimal 8221)
   defining Unicode char U+201E (decimal 8222)
   defining Unicode char U+2030 (decimal 8240)
   defining Unicode char U+2031 (decimal 8241)
   defining Unicode char U+2116 (decimal 8470)
   defining Unicode char U+2329 (decimal 9001)
   defining Unicode char U+232A (decimal 9002)
   defining Unicode char U+2423 (decimal 9251)
))
Package babel Info: Making " an active character on input line 120.
Package babel Info: Default for \cyrdash is provided on input line 157.
)) ("C:\Users\User\AppData\Local\Programs\MiKTeX 2.9\tex/latex/base\fontenc.sty
"
Package: fontenc 2018/08/11 v2.0j Standard LaTeX package

("C:\Users\User\AppData\Local\Programs\MiKTeX 2.9\tex/latex/cyrillic\t2aenc.def
"
File: t2aenc.def 2005/09/27 v1.0i Cyrillic encoding definition file
LaTeX Font Info:    Redeclaring font encoding T2A on input line 42.
) ("C:\Users\User\AppData\Local\Programs\MiKTeX 2.9\tex/latex/base\t1enc.def"
File: t1enc.def 2018/08/11 v2.0j Standard LaTeX file
LaTeX Font Info:    Redeclaring font encoding T1 on input line 48.
)) ("C:\Users\User\AppData\Local\Programs\MiKTeX 2.9\tex/latex/base\inputenc.st
y"
Package: inputenc 2018/08/11 v1.3c Input encoding file
\inpenc@prehook=\toks28
\inpenc@posthook=\toks29
 ("C:\Users\User\AppData\Local\Programs\MiKTeX 2.9\tex/latex/ucs\utf8x.def"
File: utf8x.def 2004/10/17 UCS: Input encoding UTF-8
))
("C:\Users\User\AppData\Local\Programs\MiKTeX 2.9\tex/latex/ucs\ucs.sty"
Package: ucs 2013/05/11 v2.2 UCS: Unicode input support

("C:\Users\User\AppData\Local\Programs\MiKTeX 2.9\tex/latex/ucs\uni-global.def"
File: uni-global.def 2013/05/13 UCS: Unicode global data
)
\uc@secondtry=\count114
\uc@combtoks=\toks30
\uc@combtoksb=\toks31
\uc@temptokena=\toks32
)
("C:\Users\User\AppData\Local\Programs\MiKTeX 2.9\tex/latex/pgfplots\pgfplots.s
ty"
("C:\Users\User\AppData\Local\Programs\MiKTeX 2.9\tex/generic/pgfplots\pgfplots
.revision.tex")
Package: pgfplots 2018/03/28 v1.16 Data Visualization (1.16)

("C:\Users\User\AppData\Local\Programs\MiKTeX 2.9\tex/generic/pgfplots\pgfplots
.code.tex"
("C:\Users\User\AppData\Local\Programs\MiKTeX 2.9\tex/generic/pgfplots\pgfplots
core.code.tex"
\t@pgfplots@toka=\toks33
\t@pgfplots@tokb=\toks34
\t@pgfplots@tokc=\toks35
\pgfplots@tmpa=\dimen152
\c@pgfplots@coordindex=\count115
\c@pgfplots@scanlineindex=\count116

("C:\Users\User\AppData\Local\Programs\MiKTeX 2.9\tex/generic/pgfplots/sys\pgfp
lotssysgeneric.code.tex"))
("C:\Users\User\AppData\Local\Programs\MiKTeX 2.9\tex/generic/pgfplots/libs\pgf
plotslibrary.code.tex")
("C:\Users\User\AppData\Local\Programs\MiKTeX 2.9\tex/generic/pgfplots/oldpgfco
mpatib\pgfplotsoldpgfsupp_loader.code.tex"
("C:\Users\User\AppData\Local\Programs\MiKTeX 2.9\tex/generic/pgf/libraries\pgf
libraryfpu.code.tex")
Package pgfplots: loading complementary arithmetics for your pgf version...

("C:\Users\User\AppData\Local\Programs\MiKTeX 2.9\tex/generic/pgfplots/oldpgfco
mpatib\pgfplotsoldpgfsupp_pgflibraryfpu.code.tex")
("C:\Users\User\AppData\Local\Programs\MiKTeX 2.9\tex/generic/pgfplots/oldpgfco
mpatib\pgfplotsoldpgfsupp_pgfmathfloat.code.tex"
\c@pgfmathroundto@lastzeros=\count117
))
("C:\Users\User\AppData\Local\Programs\MiKTeX 2.9\tex/generic/pgfplots/util\pgf
plotsutil.code.tex"
("C:\Users\User\AppData\Local\Programs\MiKTeX 2.9\tex/generic/pgfplots/liststru
cture\pgfplotsliststructure.code.tex")
("C:\Users\User\AppData\Local\Programs\MiKTeX 2.9\tex/generic/pgfplots/liststru
cture\pgfplotsliststructureext.code.tex")
("C:\Users\User\AppData\Local\Programs\MiKTeX 2.9\tex/generic/pgfplots/liststru
cture\pgfplotsarray.code.tex"
\c@pgfplotsarray@tmp=\count118
)
("C:\Users\User\AppData\Local\Programs\MiKTeX 2.9\tex/generic/pgfplots/liststru
cture\pgfplotsmatrix.code.tex")
("C:\Users\User\AppData\Local\Programs\MiKTeX 2.9\tex/generic/pgfplots/numtable
\pgfplotstableshared.code.tex"
\c@pgfplotstable@counta=\count119
\t@pgfplotstable@a=\toks36
)
("C:\Users\User\AppData\Local\Programs\MiKTeX 2.9\tex/generic/pgfplots/liststru
cture\pgfplotsdeque.code.tex")
("C:\Users\User\AppData\Local\Programs\MiKTeX 2.9\tex/generic/pgfplots/util\pgf
plotsbinary.code.tex"
("C:\Users\User\AppData\Local\Programs\MiKTeX 2.9\tex/generic/pgfplots/util\pgf
plotsbinary.data.code.tex"))
("C:\Users\User\AppData\Local\Programs\MiKTeX 2.9\tex/generic/pgfplots/util\pgf
plotsutil.verb.code.tex")
("C:\Users\User\AppData\Local\Programs\MiKTeX 2.9\tex/generic/pgfplots/libs\pgf
librarypgfplots.surfshading.code.tex"
\c@pgfplotslibrarysurf@no=\count120

("C:\Users\User\AppData\Local\Programs\MiKTeX 2.9\tex/generic/pgfplots/sys\pgfl
ibrarypgfplots.surfshading.pgfsys-pdftex.def")))
("C:\Users\User\AppData\Local\Programs\MiKTeX 2.9\tex/generic/pgfplots/util\pgf
plotscolormap.code.tex"
("C:\Users\User\AppData\Local\Programs\MiKTeX 2.9\tex/generic/pgfplots/util\pgf
plotscolor.code.tex"))
("C:\Users\User\AppData\Local\Programs\MiKTeX 2.9\tex/generic/pgfplots\pgfplots
stackedplots.code.tex")
("C:\Users\User\AppData\Local\Programs\MiKTeX 2.9\tex/generic/pgfplots\pgfplots
plothandlers.code.tex"
("C:\Users\User\AppData\Local\Programs\MiKTeX 2.9\tex/generic/pgfplots\pgfplots
meshplothandler.code.tex"
("C:\Users\User\AppData\Local\Programs\MiKTeX 2.9\tex/generic/pgfplots\pgfplots
meshplotimage.code.tex")))
("C:\Users\User\AppData\Local\Programs\MiKTeX 2.9\tex/generic/pgfplots\pgfplots
.scaling.code.tex")
("C:\Users\User\AppData\Local\Programs\MiKTeX 2.9\tex/generic/pgfplots\pgfplots
coordprocessing.code.tex")
("C:\Users\User\AppData\Local\Programs\MiKTeX 2.9\tex/generic/pgfplots\pgfplots
.errorbars.code.tex")
("C:\Users\User\AppData\Local\Programs\MiKTeX 2.9\tex/generic/pgfplots\pgfplots
.markers.code.tex")
("C:\Users\User\AppData\Local\Programs\MiKTeX 2.9\tex/generic/pgfplots\pgfplots
ticks.code.tex")
("C:\Users\User\AppData\Local\Programs\MiKTeX 2.9\tex/generic/pgfplots\pgfplots
.paths.code.tex")
("C:\Users\User\AppData\Local\Programs\MiKTeX 2.9\tex/generic/pgf/frontendlayer
/tikz/libraries\tikzlibrarydecorations.code.tex"
("C:\Users\User\AppData\Local\Programs\MiKTeX 2.9\tex/generic/pgf/modules\pgfmo
duledecorations.code.tex"
\pgfdecoratedcompleteddistance=\dimen153
\pgfdecoratedremainingdistance=\dimen154
\pgfdecoratedinputsegmentcompleteddistance=\dimen155
\pgfdecoratedinputsegmentremainingdistance=\dimen156
\pgf@decorate@distancetomove=\dimen157
\pgf@decorate@repeatstate=\count121
\pgfdecorationsegmentamplitude=\dimen158
\pgfdecorationsegmentlength=\dimen159
)
\tikz@lib@dec@box=\box39
)
("C:\Users\User\AppData\Local\Programs\MiKTeX 2.9\tex/generic/pgf/frontendlayer
/tikz/libraries\tikzlibrarydecorations.pathmorphing.code.tex"
("C:\Users\User\AppData\Local\Programs\MiKTeX 2.9\tex/generic/pgf/libraries/dec
orations\pgflibrarydecorations.pathmorphing.code.tex"))
("C:\Users\User\AppData\Local\Programs\MiKTeX 2.9\tex/generic/pgf/frontendlayer
/tikz/libraries\tikzlibrarydecorations.pathreplacing.code.tex"
("C:\Users\User\AppData\Local\Programs\MiKTeX 2.9\tex/generic/pgf/libraries/dec
orations\pgflibrarydecorations.pathreplacing.code.tex"))
\pgfplots@numplots=\count122
\pgfplots@xmin@reg=\dimen160
\pgfplots@xmax@reg=\dimen161
\pgfplots@ymin@reg=\dimen162
\pgfplots@ymax@reg=\dimen163
\pgfplots@zmin@reg=\dimen164
\pgfplots@zmax@reg=\dimen165
)
("C:\Users\User\AppData\Local\Programs\MiKTeX 2.9\tex/generic/pgf/frontendlayer
/tikz/libraries\tikzlibraryplotmarks.code.tex"
File: tikzlibraryplotmarks.code.tex 2019/04/04 v3.1.2 (3.1.2)

("C:\Users\User\AppData\Local\Programs\MiKTeX 2.9\tex/generic/pgf/libraries\pgf
libraryplotmarks.code.tex"
File: pgflibraryplotmarks.code.tex 2019/04/04 v3.1.2 (3.1.2)
)))
("C:\Users\User\AppData\Local\Programs\MiKTeX 2.9\tex/latex/tools\verbatim.sty"
Package: verbatim 2014/10/28 v1.5q LaTeX2e package for verbatim enhancements
\every@verbatim=\toks37
\verbatim@line=\toks38
\verbatim@in@stream=\read2
)
("C:\Users\User\AppData\Local\Programs\MiKTeX 2.9\tex/latex/tikz-3dplot\tikz-3d
plot.sty"
("C:\Users\User\AppData\Local\Programs\MiKTeX 2.9\tex/latex/base\ifthen.sty"
Package: ifthen 2014/09/29 v1.1c Standard LaTeX ifthen package (DPC)
)
("C:\Users\User\AppData\Local\Programs\MiKTeX 2.9\tex/generic/pgf/frontendlayer
/tikz/libraries\tikzlibrarycalc.code.tex"
File: tikzlibrarycalc.code.tex 2019/04/04 v3.1.2 (3.1.2)
)
("C:\Users\User\AppData\Local\Programs\MiKTeX 2.9\tex/generic/pgf/frontendlayer
/tikz/libraries\tikzlibrary3d.code.tex"
File: tikzlibrary3d.code.tex 2019/04/04 v3.1.2 (3.1.2)
)
("C:\Users\User\AppData\Local\Programs\MiKTeX 2.9\tex/generic/pgf/frontendlayer
/tikz/libraries\tikzlibraryarrows.code.tex"
File: tikzlibraryarrows.code.tex 2019/04/04 v3.1.2 (3.1.2)

("C:\Users\User\AppData\Local\Programs\MiKTeX 2.9\tex/generic/pgf/libraries\pgf
libraryarrows.code.tex"
File: pgflibraryarrows.code.tex 2019/04/04 v3.1.2 (3.1.2)
\arrowsize=\dimen166
)))
("C:\Users\User\AppData\Local\Programs\MiKTeX 2.9\tex/latex/circuitikz\circuiti
kz.sty"
Package: circuitikz 2017/05/28{} The CircuiTikz circuit drawing package version
 0.8.3

("C:\Users\User\AppData\Local\Programs\MiKTeX 2.9\tex/generic/circuitikz\pgfcir
c.defines.tex"
\pgf@circ@res@up=\dimen167
\pgf@circ@res@down=\dimen168
\pgf@circ@res@zero=\dimen169
\pgf@circ@res@left=\dimen170
\pgf@circ@res@right=\dimen171
\pgf@circ@res@other=\dimen172
\pgf@circ@res@step=\dimen173
\pgf@circ@res@temp=\dimen174
\pgfstartlinewidth=\dimen175
\pgf@circ@Rlen=\dimen176
)
("C:\Users\User\AppData\Local\Programs\MiKTeX 2.9\tex/generic/circuitikz\pgfcir
cutils.tex")
("C:\Users\User\AppData\Local\Programs\MiKTeX 2.9\tex/generic/circuitikz\pgfcir
cshapes.tex")
("C:\Users\User\AppData\Local\Programs\MiKTeX 2.9\tex/generic/circuitikz\pgfcir
cmonopoles.tex")
("C:\Users\User\AppData\Local\Programs\MiKTeX 2.9\tex/generic/circuitikz\pgfcir
cbipoles.tex")
("C:\Users\User\AppData\Local\Programs\MiKTeX 2.9\tex/generic/circuitikz\pgfcir
ctripoles.tex")
("C:\Users\User\AppData\Local\Programs\MiKTeX 2.9\tex/generic/circuitikz\pgfcir
cquadpoles.tex")
("C:\Users\User\AppData\Local\Programs\MiKTeX 2.9\tex/generic/circuitikz\pgfcir
clabel.tex")
("C:\Users\User\AppData\Local\Programs\MiKTeX 2.9\tex/generic/circuitikz\pgfcir
cvoltage.tex")
("C:\Users\User\AppData\Local\Programs\MiKTeX 2.9\tex/generic/circuitikz\pgfcir
ccurrent.tex")
("C:\Users\User\AppData\Local\Programs\MiKTeX 2.9\tex/generic/circuitikz\pgfcir
cflow.tex")
("C:\Users\User\AppData\Local\Programs\MiKTeX 2.9\tex/generic/circuitikz\pgfcir
cpath.tex"))
("C:\Users\User\AppData\Local\Programs\MiKTeX 2.9\tex/generic/pgf/frontendlayer
/tikz/libraries\tikzlibrarypatterns.code.tex"
File: tikzlibrarypatterns.code.tex 2019/04/04 v3.1.2 (3.1.2)

("C:\Users\User\AppData\Local\Programs\MiKTeX 2.9\tex/generic/pgf/libraries\pgf
librarypatterns.code.tex"
File: pgflibrarypatterns.code.tex 2019/04/04 v3.1.2 (3.1.2)
))
("C:\Users\User\AppData\Local\Programs\MiKTeX 2.9\tex/generic/pgf/frontendlayer
/tikz/libraries\tikzlibraryangles.code.tex"
File: tikzlibraryangles.code.tex 2019/04/04 v3.1.2 (3.1.2)
)
("C:\Users\User\AppData\Local\Programs\MiKTeX 2.9\tex/generic/pgf/frontendlayer
/tikz/libraries\tikzlibraryquotes.code.tex"
File: tikzlibraryquotes.code.tex 2019/04/04 v3.1.2 (3.1.2)
)
("C:\Users\User\AppData\Local\Programs\MiKTeX 2.9\tex/generic/pgf/frontendlayer
/tikz/libraries\tikzlibrarybackgrounds.code.tex"
File: tikzlibrarybackgrounds.code.tex 2019/04/04 v3.1.2 (3.1.2)
\pgf@layerbox@background=\box40
\pgf@layerboxsaved@background=\box41
)
("C:\Users\User\AppData\Local\Programs\MiKTeX 2.9\tex/generic/pgf/frontendlayer
/tikz/libraries\tikzlibrarypositioning.code.tex"
File: tikzlibrarypositioning.code.tex 2019/04/04 v3.1.2 (3.1.2)
)
("C:\Users\User\AppData\Local\Programs\MiKTeX 2.9\tex/generic/pgf/frontendlayer
/tikz/libraries\tikzlibrarybabel.code.tex"
File: tikzlibrarybabel.code.tex 2019/04/04 v3.1.2 (3.1.2)
)
("C:\Users\User\AppData\Local\Programs\MiKTeX 2.9\tex/generic/pgf/frontendlayer
/tikz/libraries/circuits\tikzlibrarycircuits.code.tex"
("C:\Users\User\AppData\Local\Programs\MiKTeX 2.9\tex/generic/pgf/frontendlayer
/tikz/libraries\tikzlibrarydecorations.markings.code.tex"
("C:\Users\User\AppData\Local\Programs\MiKTeX 2.9\tex/generic/pgf/libraries/dec
orations\pgflibrarydecorations.markings.code.tex"))
\tikz@lib@circ@count=\count123
\tikzcircuitssizeunit=\dimen177
)
("C:\Users\User\AppData\Local\Programs\MiKTeX 2.9\tex/generic/pgf/frontendlayer
/tikz/libraries/circuits\tikzlibrarycircuits.ee.code.tex"
("C:\Users\User\AppData\Local\Programs\MiKTeX 2.9\tex/generic/pgf/libraries/sha
pes/circuits\pgflibraryshapes.gates.ee.code.tex"))
("C:\Users\User\AppData\Local\Programs\MiKTeX 2.9\tex/generic/pgf/frontendlayer
/tikz/libraries/circuits\tikzlibrarycircuits.ee.IEC.code.tex"
("C:\Users\User\AppData\Local\Programs\MiKTeX 2.9\tex/generic/pgf/libraries/sha
pes/circuits\pgflibraryshapes.gates.ee.IEC.code.tex"))
("C:\Users\User\AppData\Local\Programs\MiKTeX 2.9\tex/generic/pgf/frontendlayer
/tikz/libraries/circuits\tikzlibrarycircuits.logic.IEC.code.tex"
("C:\Users\User\AppData\Local\Programs\MiKTeX 2.9\tex/generic/pgf/frontendlayer
/tikz/libraries/circuits\tikzlibrarycircuits.logic.code.tex")
("C:\Users\User\AppData\Local\Programs\MiKTeX 2.9\tex/generic/pgf/libraries/sha
pes/circuits\pgflibraryshapes.gates.logic.IEC.code.tex"
("C:\Users\User\AppData\Local\Programs\MiKTeX 2.9\tex/generic/pgf/libraries/sha
pes/circuits\pgflibraryshapes.gates.logic.code.tex")))
("C:\Users\User\AppData\Local\Programs\MiKTeX 2.9\tex/generic/pgf/frontendlayer
/tikz/libraries\tikzlibraryintersections.code.tex"
("C:\Users\User\AppData\Local\Programs\MiKTeX 2.9\tex/generic/pgf/libraries\pgf
libraryintersections.code.tex"
\pgf@intersect@solutions=\count124
)) (pic2.aux
LaTeX Font Info:    Try loading font information for T2A+cmr on input line 3.

("C:\Users\User\AppData\Local\Programs\MiKTeX 2.9\tex/latex/cyrillic\t2acmr.fd"
File: t2acmr.fd 2001/08/11 v1.0a Computer Modern Cyrillic font definitions
))
\openout1 = `pic2.aux'.

LaTeX Font Info:    Checking defaults for OML/cmm/m/it on input line 73.
LaTeX Font Info:    ... okay on input line 73.
LaTeX Font Info:    Checking defaults for T1/cmr/m/n on input line 73.
LaTeX Font Info:    ... okay on input line 73.
LaTeX Font Info:    Checking defaults for OT1/cmr/m/n on input line 73.
LaTeX Font Info:    ... okay on input line 73.
LaTeX Font Info:    Checking defaults for OMS/cmsy/m/n on input line 73.
LaTeX Font Info:    ... okay on input line 73.
LaTeX Font Info:    Checking defaults for OMX/cmex/m/n on input line 73.
LaTeX Font Info:    ... okay on input line 73.
LaTeX Font Info:    Checking defaults for U/cmr/m/n on input line 73.
LaTeX Font Info:    ... okay on input line 73.
LaTeX Font Info:    Checking defaults for T2A/cmr/m/n on input line 73.
LaTeX Font Info:    ... okay on input line 73.
 ABD: EveryShipout initializing macros
("C:\Users\User\AppData\Local\Programs\MiKTeX 2.9\tex/context/base/mkii\supp-pd
f.mkii"
[Loading MPS to PDF converter (version 2006.09.02).]
\scratchcounter=\count125
\scratchdimen=\dimen178
\scratchbox=\box42
\nofMPsegments=\count126
\nofMParguments=\count127
\everyMPshowfont=\toks39
\MPscratchCnt=\count128
\MPscratchDim=\dimen179
\MPnumerator=\count129
\makeMPintoPDFobject=\count130
\everyMPtoPDFconversion=\toks40
)
("C:\Users\User\AppData\Local\Programs\MiKTeX 2.9\tex/latex/oberdiek\epstopdf-b
ase.sty"
Package: epstopdf-base 2016/05/15 v2.6 Base part for package epstopdf

("C:\Users\User\AppData\Local\Programs\MiKTeX 2.9\tex/generic/oberdiek\infwarer
r.sty"
Package: infwarerr 2016/05/16 v1.4 Providing info/warning/error messages (HO)
)
("C:\Users\User\AppData\Local\Programs\MiKTeX 2.9\tex/latex/oberdiek\grfext.sty
"
Package: grfext 2016/05/16 v1.2 Manage graphics extensions (HO)

("C:\Users\User\AppData\Local\Programs\MiKTeX 2.9\tex/generic/oberdiek\kvdefine
keys.sty"
Package: kvdefinekeys 2016/05/16 v1.4 Define keys (HO)

("C:\Users\User\AppData\Local\Programs\MiKTeX 2.9\tex/generic/oberdiek\ltxcmds.
sty"
Package: ltxcmds 2016/05/16 v1.23 LaTeX kernel commands for general use (HO)
)))
("C:\Users\User\AppData\Local\Programs\MiKTeX 2.9\tex/latex/oberdiek\kvoptions.
sty"
Package: kvoptions 2016/05/16 v3.12 Key value format for package options (HO)

("C:\Users\User\AppData\Local\Programs\MiKTeX 2.9\tex/generic/oberdiek\kvsetkey
s.sty"
Package: kvsetkeys 2016/05/16 v1.17 Key value parser (HO)

("C:\Users\User\AppData\Local\Programs\MiKTeX 2.9\tex/generic/oberdiek\etexcmds
.sty"
Package: etexcmds 2016/05/16 v1.6 Avoid name clashes with e-TeX commands (HO)
)))
("C:\Users\User\AppData\Local\Programs\MiKTeX 2.9\tex/generic/oberdiek\pdftexcm
ds.sty"
Package: pdftexcmds 2018/09/10 v0.29 Utility functions of pdfTeX for LuaTeX (HO
)
Package pdftexcmds Info: LuaTeX not detected.
Package pdftexcmds Info: \pdf@primitive is available.
Package pdftexcmds Info: \pdf@ifprimitive is available.
Package pdftexcmds Info: \pdfdraftmode found.
)
Package epstopdf-base Info: Redefining graphics rule for `.eps' on input line 4
38.
Package grfext Info: Graphics extension search list:
(grfext)             [.pdf,.png,.jpg,.mps,.jpeg,.jbig2,.jb2,.PDF,.PNG,.JPG,.JPE
G,.JBIG2,.JB2,.eps]
(grfext)             \AppendGraphicsExtensions on input line 456.
)
("C:\Users\User\AppData\Local\Programs\MiKTeX 2.9\tex/latex/ucs\ucsencs.def"
File: ucsencs.def 2011/01/21 Fixes to fontencodings LGR, T3
)

Package pgfplots Warning: running in backwards compatibility mode (unsuitable t
ick labels; missing features). Consider writing \pgfplotsset{compat=1.16} into 
your preamble.
 on input line 73.

[1

{C:/Users/User/AppData/Local/MiKTeX/2.9/pdftex/config/pdftex.map}] (pic2.aux) )
 
Here is how much of TeX's memory you used:
 32042 strings out of 492902
 868232 string characters out of 3124273
 1102726 words of memory out of 3000000
 35418 multiletter control sequences out of 15000+200000
 5200 words of font info for 16 fonts, out of 3000000 for 9000
 1141 hyphenation exceptions out of 8191
 62i,7n,96p,718b,621s stack positions out of 5000i,500n,10000p,200000b,50000s
 <C:\Users\User\AppData\Local\MiKTeX\2.9\fonts/pk/ljfour/lh/lh-t2a/dpi600\larm1
000.pk>
Output written on pic2.pdf (1 page, 3168 bytes).
PDF statistics:
 17 PDF objects out of 1000 (max. 8388607)
 0 named destinations out of 1000 (max. 500000)
 13 words of extra memory for PDF output out of 10000 (max. 10000000)

